2021-12-12 13:12:729 INFO  ManageDriver :30 - Launching Chrome Browser
2021-12-12 13:12:153 INFO  HomePage :70 - Accepting cookies: [[ChromeDriver: chrome on WINDOWS (ba816e42fd9b16083fa4497952aee5cd)] -> xpath: //button[@id='save']]
2021-12-12 13:12:207 INFO  HomePage :75 - Entering job title: [[ChromeDriver: chrome on WINDOWS (ba816e42fd9b16083fa4497952aee5cd)] -> id: keywords]
2021-12-12 13:12:259 INFO  HomePage :80 - Entering location: [[ChromeDriver: chrome on WINDOWS (ba816e42fd9b16083fa4497952aee5cd)] -> id: location]
2021-12-12 13:12:315 INFO  HomePage :86 - Selecting distance from dropdown: [[ChromeDriver: chrome on WINDOWS (ba816e42fd9b16083fa4497952aee5cd)] -> id: distance]
2021-12-12 13:12:365 INFO  HomePage :91 - Clicking on more search options: [[ChromeDriver: chrome on WINDOWS (ba816e42fd9b16083fa4497952aee5cd)] -> id: toggle-hp-search]
2021-12-12 13:12:580 INFO  HomePage :96 - Entering minimum salary: [[ChromeDriver: chrome on WINDOWS (ba816e42fd9b16083fa4497952aee5cd)] -> id: salarymin]
2021-12-12 13:12:643 INFO  HomePage :101 - Entering maximum salary: 50000
2021-12-12 13:12:674 INFO  HomePage :106 - Selecting salary type from dropdown: [[ChromeDriver: chrome on WINDOWS (ba816e42fd9b16083fa4497952aee5cd)] -> id: salarytype]
2021-12-12 13:12:720 INFO  HomePage :111 - Selecting job type from dropdown: [[ChromeDriver: chrome on WINDOWS (ba816e42fd9b16083fa4497952aee5cd)] -> id: tempperm]
2021-12-12 13:12:778 INFO  HomePage :116 - Clicking on find job button: [[ChromeDriver: chrome on WINDOWS (ba816e42fd9b16083fa4497952aee5cd)] -> id: hp-search-btn]
2021-12-12 13:12:858 INFO  ResultPage :37 - Verifying Search result: [[ChromeDriver: chrome on WINDOWS (ba816e42fd9b16083fa4497952aee5cd)] -> xpath: //div[@class='search-header__title']]
2021-12-12 13:12:492 INFO  ManageDriver :30 - Launching Chrome Browser
2021-12-12 13:12:838 INFO  HomePage :70 - Accepting cookies: [[ChromeDriver: chrome on WINDOWS (0351864d229a06b07788d275f74000e0)] -> xpath: //button[@id='save']]
2021-12-12 13:12:899 INFO  HomePage :75 - Entering job title: [[ChromeDriver: chrome on WINDOWS (0351864d229a06b07788d275f74000e0)] -> id: keywords]
2021-12-12 13:12:939 INFO  HomePage :80 - Entering location: [[ChromeDriver: chrome on WINDOWS (0351864d229a06b07788d275f74000e0)] -> id: location]
2021-12-12 13:12:967 INFO  HomePage :86 - Selecting distance from dropdown: [[ChromeDriver: chrome on WINDOWS (0351864d229a06b07788d275f74000e0)] -> id: distance]
2021-12-12 13:12:05 INFO  HomePage :91 - Clicking on more search options: [[ChromeDriver: chrome on WINDOWS (0351864d229a06b07788d275f74000e0)] -> id: toggle-hp-search]
2021-12-12 13:12:188 INFO  HomePage :96 - Entering minimum salary: [[ChromeDriver: chrome on WINDOWS (0351864d229a06b07788d275f74000e0)] -> id: salarymin]
2021-12-12 13:12:240 INFO  HomePage :101 - Entering maximum salary: 60000
2021-12-12 13:12:268 INFO  HomePage :106 - Selecting salary type from dropdown: [[ChromeDriver: chrome on WINDOWS (0351864d229a06b07788d275f74000e0)] -> id: salarytype]
2021-12-12 13:12:310 INFO  HomePage :111 - Selecting job type from dropdown: [[ChromeDriver: chrome on WINDOWS (0351864d229a06b07788d275f74000e0)] -> id: tempperm]
2021-12-12 13:12:356 INFO  HomePage :116 - Clicking on find job button: [[ChromeDriver: chrome on WINDOWS (0351864d229a06b07788d275f74000e0)] -> id: hp-search-btn]
2021-12-12 13:12:906 INFO  ResultPage :37 - Verifying Search result: [[ChromeDriver: chrome on WINDOWS (0351864d229a06b07788d275f74000e0)] -> xpath: //div[@class='search-header__title']]
2021-12-12 13:12:521 INFO  ManageDriver :30 - Launching Chrome Browser
2021-12-12 13:12:113 INFO  HomePage :70 - Accepting cookies: [[ChromeDriver: chrome on WINDOWS (bb1fe43e91f03b3020aaf441954e0e6d)] -> xpath: //button[@id='save']]
2021-12-12 13:12:166 INFO  HomePage :75 - Entering job title: [[ChromeDriver: chrome on WINDOWS (bb1fe43e91f03b3020aaf441954e0e6d)] -> id: keywords]
2021-12-12 13:12:226 INFO  HomePage :80 - Entering location: [[ChromeDriver: chrome on WINDOWS (bb1fe43e91f03b3020aaf441954e0e6d)] -> id: location]
2021-12-12 13:12:340 INFO  HomePage :86 - Selecting distance from dropdown: [[ChromeDriver: chrome on WINDOWS (bb1fe43e91f03b3020aaf441954e0e6d)] -> id: distance]
2021-12-12 13:12:395 INFO  HomePage :91 - Clicking on more search options: [[ChromeDriver: chrome on WINDOWS (bb1fe43e91f03b3020aaf441954e0e6d)] -> id: toggle-hp-search]
2021-12-12 13:12:596 INFO  HomePage :96 - Entering minimum salary: [[ChromeDriver: chrome on WINDOWS (bb1fe43e91f03b3020aaf441954e0e6d)] -> id: salarymin]
2021-12-12 13:12:639 INFO  HomePage :101 - Entering maximum salary: 60000
2021-12-12 13:12:667 INFO  HomePage :106 - Selecting salary type from dropdown: [[ChromeDriver: chrome on WINDOWS (bb1fe43e91f03b3020aaf441954e0e6d)] -> id: salarytype]
2021-12-12 13:12:695 INFO  HomePage :111 - Selecting job type from dropdown: [[ChromeDriver: chrome on WINDOWS (bb1fe43e91f03b3020aaf441954e0e6d)] -> id: tempperm]
2021-12-12 13:12:749 INFO  HomePage :116 - Clicking on find job button: [[ChromeDriver: chrome on WINDOWS (bb1fe43e91f03b3020aaf441954e0e6d)] -> id: hp-search-btn]
2021-12-12 13:12:151 INFO  ResultPage :37 - Verifying Search result: [[ChromeDriver: chrome on WINDOWS (bb1fe43e91f03b3020aaf441954e0e6d)] -> xpath: //div[@class='search-header__title']]
2021-12-12 13:12:785 INFO  ManageDriver :30 - Launching Chrome Browser
2021-12-12 13:12:376 INFO  HomePage :70 - Accepting cookies: [[ChromeDriver: chrome on WINDOWS (951739b78380fa7f369e686cef3d6c56)] -> xpath: //button[@id='save']]
2021-12-12 13:12:425 INFO  HomePage :75 - Entering job title: [[ChromeDriver: chrome on WINDOWS (951739b78380fa7f369e686cef3d6c56)] -> id: keywords]
2021-12-12 13:12:519 INFO  HomePage :80 - Entering location: [[ChromeDriver: chrome on WINDOWS (951739b78380fa7f369e686cef3d6c56)] -> id: location]
2021-12-12 13:12:591 INFO  HomePage :86 - Selecting distance from dropdown: [[ChromeDriver: chrome on WINDOWS (951739b78380fa7f369e686cef3d6c56)] -> id: distance]
2021-12-12 13:12:675 INFO  HomePage :91 - Clicking on more search options: [[ChromeDriver: chrome on WINDOWS (951739b78380fa7f369e686cef3d6c56)] -> id: toggle-hp-search]
2021-12-12 13:12:854 INFO  HomePage :96 - Entering minimum salary: [[ChromeDriver: chrome on WINDOWS (951739b78380fa7f369e686cef3d6c56)] -> id: salarymin]
2021-12-12 13:12:892 INFO  HomePage :101 - Entering maximum salary: 50000
2021-12-12 13:12:921 INFO  HomePage :106 - Selecting salary type from dropdown: [[ChromeDriver: chrome on WINDOWS (951739b78380fa7f369e686cef3d6c56)] -> id: salarytype]
2021-12-12 13:12:964 INFO  HomePage :111 - Selecting job type from dropdown: [[ChromeDriver: chrome on WINDOWS (951739b78380fa7f369e686cef3d6c56)] -> id: tempperm]
2021-12-12 13:12:18 INFO  HomePage :116 - Clicking on find job button: [[ChromeDriver: chrome on WINDOWS (951739b78380fa7f369e686cef3d6c56)] -> id: hp-search-btn]
2021-12-12 13:12:500 INFO  ResultPage :37 - Verifying Search result: [[ChromeDriver: chrome on WINDOWS (951739b78380fa7f369e686cef3d6c56)] -> xpath: //div[@class='search-header__title']]
2021-12-12 13:12:154 INFO  ManageDriver :30 - Launching Chrome Browser
2021-12-12 13:12:684 INFO  HomePage :70 - Accepting cookies: [[ChromeDriver: chrome on WINDOWS (ee83e8bf19e95fec05e21ca1eac31eb7)] -> xpath: //button[@id='save']]
2021-12-12 13:12:737 INFO  HomePage :75 - Entering job title: [[ChromeDriver: chrome on WINDOWS (ee83e8bf19e95fec05e21ca1eac31eb7)] -> id: keywords]
2021-12-12 13:12:844 INFO  HomePage :80 - Entering location: [[ChromeDriver: chrome on WINDOWS (ee83e8bf19e95fec05e21ca1eac31eb7)] -> id: location]
2021-12-12 13:12:896 INFO  HomePage :86 - Selecting distance from dropdown: [[ChromeDriver: chrome on WINDOWS (ee83e8bf19e95fec05e21ca1eac31eb7)] -> id: distance]
2021-12-12 13:12:958 INFO  HomePage :91 - Clicking on more search options: [[ChromeDriver: chrome on WINDOWS (ee83e8bf19e95fec05e21ca1eac31eb7)] -> id: toggle-hp-search]
2021-12-12 13:12:58 INFO  HomePage :96 - Entering minimum salary: [[ChromeDriver: chrome on WINDOWS (ee83e8bf19e95fec05e21ca1eac31eb7)] -> id: salarymin]
2021-12-12 13:12:109 INFO  HomePage :101 - Entering maximum salary: 400
2021-12-12 13:12:169 INFO  HomePage :106 - Selecting salary type from dropdown: [[ChromeDriver: chrome on WINDOWS (ee83e8bf19e95fec05e21ca1eac31eb7)] -> id: salarytype]
2021-12-12 13:12:214 INFO  HomePage :111 - Selecting job type from dropdown: [[ChromeDriver: chrome on WINDOWS (ee83e8bf19e95fec05e21ca1eac31eb7)] -> id: tempperm]
2021-12-12 13:12:269 INFO  HomePage :116 - Clicking on find job button: [[ChromeDriver: chrome on WINDOWS (ee83e8bf19e95fec05e21ca1eac31eb7)] -> id: hp-search-btn]
2021-12-12 13:12:348 INFO  ResultPage :37 - Verifying Search result: [[ChromeDriver: chrome on WINDOWS (ee83e8bf19e95fec05e21ca1eac31eb7)] -> xpath: //div[@class='search-header__title']]
2021-12-12 13:12:02 INFO  ManageDriver :30 - Launching Chrome Browser
2021-12-12 13:12:502 INFO  HomePage :70 - Accepting cookies: [[ChromeDriver: chrome on WINDOWS (a1377e5ca75a70efbfaf66cd0dad4d00)] -> xpath: //button[@id='save']]
2021-12-12 13:12:567 INFO  HomePage :75 - Entering job title: [[ChromeDriver: chrome on WINDOWS (a1377e5ca75a70efbfaf66cd0dad4d00)] -> id: keywords]
2021-12-12 13:12:681 INFO  HomePage :80 - Entering location: [[ChromeDriver: chrome on WINDOWS (a1377e5ca75a70efbfaf66cd0dad4d00)] -> id: location]
2021-12-12 13:12:736 INFO  HomePage :86 - Selecting distance from dropdown: [[ChromeDriver: chrome on WINDOWS (a1377e5ca75a70efbfaf66cd0dad4d00)] -> id: distance]
2021-12-12 13:12:792 INFO  HomePage :91 - Clicking on more search options: [[ChromeDriver: chrome on WINDOWS (a1377e5ca75a70efbfaf66cd0dad4d00)] -> id: toggle-hp-search]
2021-12-12 13:12:987 INFO  HomePage :96 - Entering minimum salary: [[ChromeDriver: chrome on WINDOWS (a1377e5ca75a70efbfaf66cd0dad4d00)] -> id: salarymin]
2021-12-12 13:12:26 INFO  HomePage :101 - Entering maximum salary: 800
2021-12-12 13:12:73 INFO  HomePage :106 - Selecting salary type from dropdown: [[ChromeDriver: chrome on WINDOWS (a1377e5ca75a70efbfaf66cd0dad4d00)] -> id: salarytype]
2021-12-12 13:12:115 INFO  HomePage :111 - Selecting job type from dropdown: [[ChromeDriver: chrome on WINDOWS (a1377e5ca75a70efbfaf66cd0dad4d00)] -> id: tempperm]
2021-12-12 13:12:166 INFO  HomePage :116 - Clicking on find job button: [[ChromeDriver: chrome on WINDOWS (a1377e5ca75a70efbfaf66cd0dad4d00)] -> id: hp-search-btn]
2021-12-12 13:12:285 INFO  ResultPage :37 - Verifying Search result: [[ChromeDriver: chrome on WINDOWS (a1377e5ca75a70efbfaf66cd0dad4d00)] -> xpath: //div[@class='search-header__title']]
2021-12-12 13:12:942 INFO  ManageDriver :30 - Launching Chrome Browser
2021-12-12 13:12:422 INFO  HomePage :70 - Accepting cookies: [[ChromeDriver: chrome on WINDOWS (a0030d6bb5ef3c483b4d7ec425aa0ef4)] -> xpath: //button[@id='save']]
2021-12-12 13:12:485 INFO  HomePage :75 - Entering job title: [[ChromeDriver: chrome on WINDOWS (a0030d6bb5ef3c483b4d7ec425aa0ef4)] -> id: keywords]
2021-12-12 13:12:590 INFO  HomePage :80 - Entering location: [[ChromeDriver: chrome on WINDOWS (a0030d6bb5ef3c483b4d7ec425aa0ef4)] -> id: location]
2021-12-12 13:12:645 INFO  HomePage :86 - Selecting distance from dropdown: [[ChromeDriver: chrome on WINDOWS (a0030d6bb5ef3c483b4d7ec425aa0ef4)] -> id: distance]
2021-12-12 13:12:697 INFO  HomePage :91 - Clicking on more search options: [[ChromeDriver: chrome on WINDOWS (a0030d6bb5ef3c483b4d7ec425aa0ef4)] -> id: toggle-hp-search]
2021-12-12 13:12:902 INFO  HomePage :96 - Entering minimum salary: [[ChromeDriver: chrome on WINDOWS (a0030d6bb5ef3c483b4d7ec425aa0ef4)] -> id: salarymin]
2021-12-12 13:12:943 INFO  HomePage :101 - Entering maximum salary: 75000
2021-12-12 13:12:971 INFO  HomePage :106 - Selecting salary type from dropdown: [[ChromeDriver: chrome on WINDOWS (a0030d6bb5ef3c483b4d7ec425aa0ef4)] -> id: salarytype]
2021-12-12 13:12:13 INFO  HomePage :111 - Selecting job type from dropdown: [[ChromeDriver: chrome on WINDOWS (a0030d6bb5ef3c483b4d7ec425aa0ef4)] -> id: tempperm]
2021-12-12 13:12:66 INFO  HomePage :116 - Clicking on find job button: [[ChromeDriver: chrome on WINDOWS (a0030d6bb5ef3c483b4d7ec425aa0ef4)] -> id: hp-search-btn]
2021-12-12 13:12:334 INFO  ResultPage :37 - Verifying Search result: [[ChromeDriver: chrome on WINDOWS (a0030d6bb5ef3c483b4d7ec425aa0ef4)] -> xpath: //div[@class='search-header__title']]
2021-12-12 13:12:362 INFO  ManageDriver :30 - Launching Chrome Browser
2021-12-12 13:12:717 INFO  HomePage :70 - Accepting cookies: [[ChromeDriver: chrome on WINDOWS (0e15586f99b1281f1c02be437747e65b)] -> xpath: //button[@id='save']]
2021-12-12 13:12:774 INFO  HomePage :75 - Entering job title: [[ChromeDriver: chrome on WINDOWS (0e15586f99b1281f1c02be437747e65b)] -> id: keywords]
2021-12-12 13:12:831 INFO  HomePage :80 - Entering location: [[ChromeDriver: chrome on WINDOWS (0e15586f99b1281f1c02be437747e65b)] -> id: location]
2021-12-12 13:12:927 INFO  HomePage :86 - Selecting distance from dropdown: [[ChromeDriver: chrome on WINDOWS (0e15586f99b1281f1c02be437747e65b)] -> id: distance]
2021-12-12 13:12:30 INFO  HomePage :91 - Clicking on more search options: [[ChromeDriver: chrome on WINDOWS (0e15586f99b1281f1c02be437747e65b)] -> id: toggle-hp-search]
2021-12-12 13:12:208 INFO  HomePage :96 - Entering minimum salary: [[ChromeDriver: chrome on WINDOWS (0e15586f99b1281f1c02be437747e65b)] -> id: salarymin]
2021-12-12 13:12:253 INFO  HomePage :101 - Entering maximum salary: 50000
2021-12-12 13:12:284 INFO  HomePage :106 - Selecting salary type from dropdown: [[ChromeDriver: chrome on WINDOWS (0e15586f99b1281f1c02be437747e65b)] -> id: salarytype]
2021-12-12 13:12:328 INFO  HomePage :111 - Selecting job type from dropdown: [[ChromeDriver: chrome on WINDOWS (0e15586f99b1281f1c02be437747e65b)] -> id: tempperm]
2021-12-12 13:12:381 INFO  HomePage :116 - Clicking on find job button: [[ChromeDriver: chrome on WINDOWS (0e15586f99b1281f1c02be437747e65b)] -> id: hp-search-btn]
2021-12-12 13:12:13 INFO  ResultPage :37 - Verifying Search result: [[ChromeDriver: chrome on WINDOWS (0e15586f99b1281f1c02be437747e65b)] -> xpath: //div[@class='search-header__title']]
2021-12-12 13:12:03 INFO  ManageDriver :30 - Launching Chrome Browser
2021-12-12 13:12:429 INFO  HomePage :70 - Accepting cookies: [[ChromeDriver: chrome on WINDOWS (cc597264cdc382eaf4c34e462fa67f7f)] -> xpath: //button[@id='save']]
2021-12-12 13:12:483 INFO  HomePage :75 - Entering job title: [[ChromeDriver: chrome on WINDOWS (cc597264cdc382eaf4c34e462fa67f7f)] -> id: keywords]
2021-12-12 13:12:564 INFO  HomePage :80 - Entering location: [[ChromeDriver: chrome on WINDOWS (cc597264cdc382eaf4c34e462fa67f7f)] -> id: location]
2021-12-12 13:12:601 INFO  HomePage :86 - Selecting distance from dropdown: [[ChromeDriver: chrome on WINDOWS (cc597264cdc382eaf4c34e462fa67f7f)] -> id: distance]
2021-12-12 13:12:643 INFO  HomePage :91 - Clicking on more search options: [[ChromeDriver: chrome on WINDOWS (cc597264cdc382eaf4c34e462fa67f7f)] -> id: toggle-hp-search]
2021-12-12 13:12:818 INFO  HomePage :96 - Entering minimum salary: [[ChromeDriver: chrome on WINDOWS (cc597264cdc382eaf4c34e462fa67f7f)] -> id: salarymin]
2021-12-12 13:12:882 INFO  HomePage :101 - Entering maximum salary: 60000
2021-12-12 13:12:909 INFO  HomePage :106 - Selecting salary type from dropdown: [[ChromeDriver: chrome on WINDOWS (cc597264cdc382eaf4c34e462fa67f7f)] -> id: salarytype]
2021-12-12 13:12:953 INFO  HomePage :111 - Selecting job type from dropdown: [[ChromeDriver: chrome on WINDOWS (cc597264cdc382eaf4c34e462fa67f7f)] -> id: tempperm]
2021-12-12 13:12:13 INFO  HomePage :116 - Clicking on find job button: [[ChromeDriver: chrome on WINDOWS (cc597264cdc382eaf4c34e462fa67f7f)] -> id: hp-search-btn]
2021-12-12 13:12:238 INFO  ResultPage :37 - Verifying Search result: [[ChromeDriver: chrome on WINDOWS (cc597264cdc382eaf4c34e462fa67f7f)] -> xpath: //div[@class='search-header__title']]
2021-12-12 13:12:610 INFO  ManageDriver :30 - Launching Chrome Browser
2021-12-12 13:12:855 INFO  HomePage :70 - Accepting cookies: [[ChromeDriver: chrome on WINDOWS (72561438cd679398b435b78dd0f2dc84)] -> xpath: //button[@id='save']]
2021-12-12 13:12:909 INFO  HomePage :75 - Entering job title: [[ChromeDriver: chrome on WINDOWS (72561438cd679398b435b78dd0f2dc84)] -> id: keywords]
2021-12-12 13:12:966 INFO  HomePage :80 - Entering location: [[ChromeDriver: chrome on WINDOWS (72561438cd679398b435b78dd0f2dc84)] -> id: location]
2021-12-12 13:12:61 INFO  HomePage :86 - Selecting distance from dropdown: [[ChromeDriver: chrome on WINDOWS (72561438cd679398b435b78dd0f2dc84)] -> id: distance]
2021-12-12 13:12:347 INFO  HomePage :91 - Clicking on more search options: [[ChromeDriver: chrome on WINDOWS (72561438cd679398b435b78dd0f2dc84)] -> id: toggle-hp-search]
2021-12-12 13:12:529 INFO  HomePage :96 - Entering minimum salary: [[ChromeDriver: chrome on WINDOWS (72561438cd679398b435b78dd0f2dc84)] -> id: salarymin]
2021-12-12 13:12:580 INFO  HomePage :101 - Entering maximum salary: 50000
2021-12-12 13:12:626 INFO  HomePage :106 - Selecting salary type from dropdown: [[ChromeDriver: chrome on WINDOWS (72561438cd679398b435b78dd0f2dc84)] -> id: salarytype]
2021-12-12 13:12:670 INFO  HomePage :111 - Selecting job type from dropdown: [[ChromeDriver: chrome on WINDOWS (72561438cd679398b435b78dd0f2dc84)] -> id: tempperm]
2021-12-12 13:12:726 INFO  HomePage :116 - Clicking on find job button: [[ChromeDriver: chrome on WINDOWS (72561438cd679398b435b78dd0f2dc84)] -> id: hp-search-btn]
2021-12-12 13:12:122 INFO  ResultPage :37 - Verifying Search result: [[ChromeDriver: chrome on WINDOWS (72561438cd679398b435b78dd0f2dc84)] -> xpath: //div[@class='search-header__title']]
2021-12-12 13:12:89 INFO  ManageDriver :30 - Launching Chrome Browser
2021-12-12 13:12:585 INFO  HomePage :70 - Accepting cookies: [[ChromeDriver: chrome on WINDOWS (80bf521ea787fb3381945cd4e7d61bc7)] -> xpath: //button[@id='save']]
2021-12-12 13:12:635 INFO  HomePage :75 - Entering job title: [[ChromeDriver: chrome on WINDOWS (80bf521ea787fb3381945cd4e7d61bc7)] -> id: keywords]
2021-12-12 13:12:710 INFO  HomePage :80 - Entering location: [[ChromeDriver: chrome on WINDOWS (80bf521ea787fb3381945cd4e7d61bc7)] -> id: location]
2021-12-12 13:12:806 INFO  HomePage :86 - Selecting distance from dropdown: [[ChromeDriver: chrome on WINDOWS (80bf521ea787fb3381945cd4e7d61bc7)] -> id: distance]
2021-12-12 13:12:873 INFO  HomePage :91 - Clicking on more search options: [[ChromeDriver: chrome on WINDOWS (80bf521ea787fb3381945cd4e7d61bc7)] -> id: toggle-hp-search]
2021-12-12 13:12:88 INFO  HomePage :96 - Entering minimum salary: [[ChromeDriver: chrome on WINDOWS (80bf521ea787fb3381945cd4e7d61bc7)] -> id: salarymin]
2021-12-12 13:12:128 INFO  HomePage :101 - Entering maximum salary: 60000
2021-12-12 13:12:157 INFO  HomePage :106 - Selecting salary type from dropdown: [[ChromeDriver: chrome on WINDOWS (80bf521ea787fb3381945cd4e7d61bc7)] -> id: salarytype]
2021-12-12 13:12:202 INFO  HomePage :111 - Selecting job type from dropdown: [[ChromeDriver: chrome on WINDOWS (80bf521ea787fb3381945cd4e7d61bc7)] -> id: tempperm]
2021-12-12 13:12:259 INFO  HomePage :116 - Clicking on find job button: [[ChromeDriver: chrome on WINDOWS (80bf521ea787fb3381945cd4e7d61bc7)] -> id: hp-search-btn]
2021-12-12 13:12:744 INFO  ResultPage :37 - Verifying Search result: [[ChromeDriver: chrome on WINDOWS (80bf521ea787fb3381945cd4e7d61bc7)] -> xpath: //div[@class='search-header__title']]
2021-12-12 13:12:849 INFO  ManageDriver :30 - Launching Chrome Browser
2021-12-12 13:12:100 INFO  HomePage :70 - Accepting cookies: [[ChromeDriver: chrome on WINDOWS (9770e4aba763e7015807afd385e96181)] -> xpath: //button[@id='save']]
2021-12-12 13:12:155 INFO  HomePage :75 - Entering job title: [[ChromeDriver: chrome on WINDOWS (9770e4aba763e7015807afd385e96181)] -> id: keywords]
2021-12-12 13:12:208 INFO  HomePage :80 - Entering location: [[ChromeDriver: chrome on WINDOWS (9770e4aba763e7015807afd385e96181)] -> id: location]
2021-12-12 13:12:272 INFO  HomePage :86 - Selecting distance from dropdown: [[ChromeDriver: chrome on WINDOWS (9770e4aba763e7015807afd385e96181)] -> id: distance]
2021-12-12 13:12:355 INFO  HomePage :91 - Clicking on more search options: [[ChromeDriver: chrome on WINDOWS (9770e4aba763e7015807afd385e96181)] -> id: toggle-hp-search]
2021-12-12 13:12:474 INFO  HomePage :96 - Entering minimum salary: [[ChromeDriver: chrome on WINDOWS (9770e4aba763e7015807afd385e96181)] -> id: salarymin]
2021-12-12 13:12:527 INFO  HomePage :101 - Entering maximum salary: 50000
2021-12-12 13:12:568 INFO  HomePage :106 - Selecting salary type from dropdown: [[ChromeDriver: chrome on WINDOWS (9770e4aba763e7015807afd385e96181)] -> id: salarytype]
2021-12-12 13:12:616 INFO  HomePage :111 - Selecting job type from dropdown: [[ChromeDriver: chrome on WINDOWS (9770e4aba763e7015807afd385e96181)] -> id: tempperm]
2021-12-12 13:12:675 INFO  HomePage :116 - Clicking on find job button: [[ChromeDriver: chrome on WINDOWS (9770e4aba763e7015807afd385e96181)] -> id: hp-search-btn]
2021-12-12 13:12:373 INFO  ResultPage :37 - Verifying Search result: [[ChromeDriver: chrome on WINDOWS (9770e4aba763e7015807afd385e96181)] -> xpath: //div[@class='search-header__title']]
2021-12-12 13:12:375 INFO  ManageDriver :30 - Launching Chrome Browser
2021-12-12 13:12:814 INFO  HomePage :70 - Accepting cookies: [[ChromeDriver: chrome on WINDOWS (48a3ff2d02d70faed173be1bf747ae4e)] -> xpath: //button[@id='save']]
2021-12-12 13:12:868 INFO  HomePage :75 - Entering job title: [[ChromeDriver: chrome on WINDOWS (48a3ff2d02d70faed173be1bf747ae4e)] -> id: keywords]
2021-12-12 13:12:937 INFO  HomePage :80 - Entering location: [[ChromeDriver: chrome on WINDOWS (48a3ff2d02d70faed173be1bf747ae4e)] -> id: location]
2021-12-12 13:12:16 INFO  HomePage :86 - Selecting distance from dropdown: [[ChromeDriver: chrome on WINDOWS (48a3ff2d02d70faed173be1bf747ae4e)] -> id: distance]
2021-12-12 13:12:89 INFO  HomePage :91 - Clicking on more search options: [[ChromeDriver: chrome on WINDOWS (48a3ff2d02d70faed173be1bf747ae4e)] -> id: toggle-hp-search]
2021-12-12 13:12:285 INFO  HomePage :96 - Entering minimum salary: [[ChromeDriver: chrome on WINDOWS (48a3ff2d02d70faed173be1bf747ae4e)] -> id: salarymin]
2021-12-12 13:12:326 INFO  HomePage :101 - Entering maximum salary: 60000
2021-12-12 13:12:355 INFO  HomePage :106 - Selecting salary type from dropdown: [[ChromeDriver: chrome on WINDOWS (48a3ff2d02d70faed173be1bf747ae4e)] -> id: salarytype]
2021-12-12 13:12:400 INFO  HomePage :111 - Selecting job type from dropdown: [[ChromeDriver: chrome on WINDOWS (48a3ff2d02d70faed173be1bf747ae4e)] -> id: tempperm]
2021-12-12 13:12:455 INFO  HomePage :116 - Clicking on find job button: [[ChromeDriver: chrome on WINDOWS (48a3ff2d02d70faed173be1bf747ae4e)] -> id: hp-search-btn]
2021-12-12 13:12:741 INFO  ResultPage :37 - Verifying Search result: [[ChromeDriver: chrome on WINDOWS (48a3ff2d02d70faed173be1bf747ae4e)] -> xpath: //div[@class='search-header__title']]
2021-12-12 13:12:821 INFO  ManageDriver :30 - Launching Chrome Browser
2021-12-12 13:12:266 INFO  HomePage :70 - Accepting cookies: [[ChromeDriver: chrome on WINDOWS (400baf2a615af1fc0f303bbab11cd880)] -> xpath: //button[@id='save']]
2021-12-12 13:12:328 INFO  HomePage :75 - Entering job title: [[ChromeDriver: chrome on WINDOWS (400baf2a615af1fc0f303bbab11cd880)] -> id: keywords]
2021-12-12 13:12:423 INFO  HomePage :80 - Entering location: [[ChromeDriver: chrome on WINDOWS (400baf2a615af1fc0f303bbab11cd880)] -> id: location]
2021-12-12 13:12:515 INFO  HomePage :86 - Selecting distance from dropdown: [[ChromeDriver: chrome on WINDOWS (400baf2a615af1fc0f303bbab11cd880)] -> id: distance]
2021-12-12 13:12:788 INFO  HomePage :91 - Clicking on more search options: [[ChromeDriver: chrome on WINDOWS (400baf2a615af1fc0f303bbab11cd880)] -> id: toggle-hp-search]
2021-12-12 13:12:955 INFO  HomePage :96 - Entering minimum salary: [[ChromeDriver: chrome on WINDOWS (400baf2a615af1fc0f303bbab11cd880)] -> id: salarymin]
2021-12-12 13:12:08 INFO  HomePage :101 - Entering maximum salary: 50000
2021-12-12 13:12:40 INFO  HomePage :106 - Selecting salary type from dropdown: [[ChromeDriver: chrome on WINDOWS (400baf2a615af1fc0f303bbab11cd880)] -> id: salarytype]
2021-12-12 13:12:84 INFO  HomePage :111 - Selecting job type from dropdown: [[ChromeDriver: chrome on WINDOWS (400baf2a615af1fc0f303bbab11cd880)] -> id: tempperm]
2021-12-12 13:12:138 INFO  HomePage :116 - Clicking on find job button: [[ChromeDriver: chrome on WINDOWS (400baf2a615af1fc0f303bbab11cd880)] -> id: hp-search-btn]
2021-12-12 13:12:41 INFO  ResultPage :37 - Verifying Search result: [[ChromeDriver: chrome on WINDOWS (400baf2a615af1fc0f303bbab11cd880)] -> xpath: //div[@class='search-header__title']]
